#-----------------------------------------------------------
# Vivado v2019.2 (64-bit)
# SW Build 2708876 on Wed Nov  6 21:40:23 MST 2019
# IP Build 2700528 on Thu Nov  7 00:09:20 MST 2019
# Start of session at: Sun Aug 21 11:34:57 2022
# Process ID: 4268
# Current directory: C:/projects/vivado_projects/MyCPU
# Command line: vivado.exe -gui_launcher_event rodinguilauncherevent22476 C:\projects\vivado_projects\MyCPU\MyCPU.xpr
# Log file: C:/projects/vivado_projects/MyCPU/vivado.log
# Journal file: C:/projects/vivado_projects/MyCPU\vivado.jou
#-----------------------------------------------------------
start_gui
open_project C:/projects/vivado_projects/MyCPU/MyCPU.xpr
Scanning sources...
Finished scanning sources
INFO: [IP_Flow 19-234] Refreshing IP repositories
INFO: [IP_Flow 19-1704] No user IP repositories specified
INFO: [Common 17-41] Interrupt caught. Command should exit soon.
INFO: [IP_Flow 19-2313] Loaded Vivado IP repository 'C:/vivado/Vivado/2019.2/data/ip'.
INFO: [IP_Flow 19-2338] Canceling the changes to the IP catalog. Reverting the catalog back to its previous state.
INFO: [IP_Flow 19-2340] The IP catalog has been returned to its previous state.
INFO: [Common 17-344] 'open_project' was cancelled
exit
INFO: [Common 17-206] Exiting Vivado at Sun Aug 21 11:35:22 2022...
