#-----------------------------------------------------------
# Vivado v2019.2 (64-bit)
# SW Build 2708876 on Wed Nov  6 21:40:23 MST 2019
# IP Build 2700528 on Thu Nov  7 00:09:20 MST 2019
# Start of session at: Sun Aug 21 11:35:31 2022
# Process ID: 3432
# Current directory: C:/projects/bitmips_experiments/MyCPU
# Command line: vivado.exe -gui_launcher_event rodinguilauncherevent4092 C:\projects\bitmips_experiments\MyCPU\MyCPU.xpr
# Log file: C:/projects/bitmips_experiments/MyCPU/vivado.log
# Journal file: C:/projects/bitmips_experiments/MyCPU\vivado.jou
#-----------------------------------------------------------
start_gui
open_project C:/projects/bitmips_experiments/MyCPU/MyCPU.xpr
INFO: [Project 1-313] Project file moved from 'C:/projects/vivado_projects/MyCPU' since last save.
Scanning sources...
Finished scanning sources
INFO: [IP_Flow 19-234] Refreshing IP repositories
INFO: [IP_Flow 19-1704] No user IP repositories specified
INFO: [IP_Flow 19-2313] Loaded Vivado IP repository 'C:/vivado/Vivado/2019.2/data/ip'.
open_project: Time (s): cpu = 00:00:14 ; elapsed = 00:00:07 . Memory (MB): peak = 917.883 ; gain = 249.398
close [ open C:/projects/bitmips_experiments/MyCPU/MyCPU.srcs/sources_1/new/cpu_top.v w ]
add_files C:/projects/bitmips_experiments/MyCPU/MyCPU.srcs/sources_1/new/cpu_top.v
update_compile_order -fileset sources_1
close [ open C:/projects/bitmips_experiments/MyCPU/MyCPU.srcs/sources_1/new/alu.v w ]
add_files C:/projects/bitmips_experiments/MyCPU/MyCPU.srcs/sources_1/new/alu.v
update_compile_order -fileset sources_1
exit
INFO: [Common 17-206] Exiting Vivado at Sun Aug 21 16:13:58 2022...
