#-----------------------------------------------------------
# Vivado v2019.2 (64-bit)
# SW Build 2708876 on Wed Nov  6 21:40:23 MST 2019
# IP Build 2700528 on Thu Nov  7 00:09:20 MST 2019
# Start of session at: Sun Aug 21 16:37:46 2022
# Process ID: 19848
# Current directory: C:/projects/BIT-MIPS/bitmips_experiments/MyCPU
# Command line: vivado.exe -gui_launcher_event rodinguilauncherevent21296 C:\projects\BIT-MIPS\bitmips_experiments\MyCPU\MyCPU.xpr
# Log file: C:/projects/BIT-MIPS/bitmips_experiments/MyCPU/vivado.log
# Journal file: C:/projects/BIT-MIPS/bitmips_experiments/MyCPU\vivado.jou
#-----------------------------------------------------------
start_gui
open_project C:/projects/BIT-MIPS/bitmips_experiments/MyCPU/MyCPU.xpr
INFO: [Project 1-313] Project file moved from 'C:/projects/bitmips_experiments/MyCPU' since last save.
Scanning sources...
Finished scanning sources
INFO: [IP_Flow 19-234] Refreshing IP repositories
INFO: [IP_Flow 19-1704] No user IP repositories specified
INFO: [IP_Flow 19-2313] Loaded Vivado IP repository 'C:/vivado/Vivado/2019.2/data/ip'.
open_project: Time (s): cpu = 00:00:14 ; elapsed = 00:00:07 . Memory (MB): peak = 879.188 ; gain = 227.633
update_compile_order -fileset sources_1
close [ open C:/projects/BIT-MIPS/bitmips_experiments/MyCPU/MyCPU.srcs/sources_1/new/pc.v w ]
add_files C:/projects/BIT-MIPS/bitmips_experiments/MyCPU/MyCPU.srcs/sources_1/new/pc.v
close [ open C:/projects/BIT-MIPS/bitmips_experiments/MyCPU/MyCPU.srcs/sources_1/new/regfile.v w ]
add_files C:/projects/BIT-MIPS/bitmips_experiments/MyCPU/MyCPU.srcs/sources_1/new/regfile.v
close [ open C:/projects/BIT-MIPS/bitmips_experiments/MyCPU/MyCPU.srcs/sources_1/new/ctrl.v w ]
add_files C:/projects/BIT-MIPS/bitmips_experiments/MyCPU/MyCPU.srcs/sources_1/new/ctrl.v
close [ open C:/projects/BIT-MIPS/bitmips_experiments/MyCPU/MyCPU.srcs/sources_1/new/dmem.v w ]
add_files C:/projects/BIT-MIPS/bitmips_experiments/MyCPU/MyCPU.srcs/sources_1/new/dmem.v
close [ open C:/projects/BIT-MIPS/bitmips_experiments/MyCPU/MyCPU.srcs/sources_1/new/imem.v w ]
add_files C:/projects/BIT-MIPS/bitmips_experiments/MyCPU/MyCPU.srcs/sources_1/new/imem.v
update_compile_order -fileset sources_1
export_ip_user_files -of_objects  [get_files C:/projects/BIT-MIPS/bitmips_experiments/MyCPU/MyCPU.srcs/sources_1/new/ctrl.v] -no_script -reset -force -quiet
export_ip_user_files -of_objects  [get_files C:/projects/BIT-MIPS/bitmips_experiments/MyCPU/MyCPU.srcs/sources_1/new/dmem.v] -no_script -reset -force -quiet
export_ip_user_files -of_objects  [get_files C:/projects/BIT-MIPS/bitmips_experiments/MyCPU/MyCPU.srcs/sources_1/new/imem.v] -no_script -reset -force -quiet
export_ip_user_files -of_objects  [get_files C:/projects/BIT-MIPS/bitmips_experiments/MyCPU/MyCPU.srcs/sources_1/new/regfile.v] -no_script -reset -force -quiet
remove_files  {C:/projects/BIT-MIPS/bitmips_experiments/MyCPU/MyCPU.srcs/sources_1/new/ctrl.v C:/projects/BIT-MIPS/bitmips_experiments/MyCPU/MyCPU.srcs/sources_1/new/dmem.v C:/projects/BIT-MIPS/bitmips_experiments/MyCPU/MyCPU.srcs/sources_1/new/imem.v C:/projects/BIT-MIPS/bitmips_experiments/MyCPU/MyCPU.srcs/sources_1/new/regfile.v}
file delete -force C:/projects/BIT-MIPS/bitmips_experiments/MyCPU/MyCPU.srcs/sources_1/new/ctrl.v C:/projects/BIT-MIPS/bitmips_experiments/MyCPU/MyCPU.srcs/sources_1/new/dmem.v C:/projects/BIT-MIPS/bitmips_experiments/MyCPU/MyCPU.srcs/sources_1/new/imem.v C:/projects/BIT-MIPS/bitmips_experiments/MyCPU/MyCPU.srcs/sources_1/new/regfile.v
close [ open C:/projects/BIT-MIPS/bitmips_experiments/MyCPU/MyCPU.srcs/sources_1/new/regfile.v w ]
add_files C:/projects/BIT-MIPS/bitmips_experiments/MyCPU/MyCPU.srcs/sources_1/new/regfile.v
update_compile_order -fileset sources_1
close [ open C:/projects/BIT-MIPS/bitmips_experiments/MyCPU/MyCPU.srcs/sources_1/new/br_unit.v w ]
add_files C:/projects/BIT-MIPS/bitmips_experiments/MyCPU/MyCPU.srcs/sources_1/new/br_unit.v
update_compile_order -fileset sources_1
close [ open C:/projects/BIT-MIPS/bitmips_experiments/MyCPU/MyCPU.srcs/sources_1/new/imem.v w ]
add_files C:/projects/BIT-MIPS/bitmips_experiments/MyCPU/MyCPU.srcs/sources_1/new/imem.v
update_compile_order -fileset sources_1
close [ open C:/projects/BIT-MIPS/bitmips_experiments/MyCPU/MyCPU.srcs/sources_1/new/dmem.v w ]
add_files C:/projects/BIT-MIPS/bitmips_experiments/MyCPU/MyCPU.srcs/sources_1/new/dmem.v
update_compile_order -fileset sources_1
close [ open C:/projects/BIT-MIPS/bitmips_experiments/MyCPU/MyCPU.srcs/sources_1/new/ctrl.v w ]
add_files C:/projects/BIT-MIPS/bitmips_experiments/MyCPU/MyCPU.srcs/sources_1/new/ctrl.v
update_compile_order -fileset sources_1
export_ip_user_files -of_objects  [get_files C:/projects/BIT-MIPS/bitmips_experiments/MyCPU/MyCPU.srcs/sources_1/new/br_unit.v] -no_script -reset -force -quiet
remove_files  C:/projects/BIT-MIPS/bitmips_experiments/MyCPU/MyCPU.srcs/sources_1/new/br_unit.v
file delete -force C:/projects/BIT-MIPS/bitmips_experiments/MyCPU/MyCPU.srcs/sources_1/new/br_unit.v
exit
INFO: [Common 17-206] Exiting Vivado at Sun Aug 21 21:26:27 2022...
