#-----------------------------------------------------------
# Vivado v2019.2 (64-bit)
# SW Build 2708876 on Wed Nov  6 21:40:23 MST 2019
# IP Build 2700528 on Thu Nov  7 00:09:20 MST 2019
# Start of session at: Sun Aug 21 11:29:46 2022
# Process ID: 20272
# Current directory: C:/projects/bitmips_experiments/lab3/single_cycle
# Command line: vivado.exe -gui_launcher_event rodinguilauncherevent9052 C:\projects\bitmips_experiments\lab3\single_cycle\single_cycle.xpr
# Log file: C:/projects/bitmips_experiments/lab3/single_cycle/vivado.log
# Journal file: C:/projects/bitmips_experiments/lab3/single_cycle\vivado.jou
#-----------------------------------------------------------
start_gui
open_project C:/projects/bitmips_experiments/lab3/single_cycle/single_cycle.xpr
INFO: [Project 1-313] Project file moved from '/home/fky/code/git/mine/bitmips_experiments/lab3/single_cycle' since last save.
CRITICAL WARNING: [Project 1-311] Could not find the file 'C:/../../Downloads/myCPU/PC_ALU.v', nor could it be found using path 'C:/home/fky/Downloads/myCPU/PC_ALU.v'.
Scanning sources...
Finished scanning sources
WARNING: [filemgmt 56-2] IPUserFilesDir: Could not find the directory 'C:/projects/bitmips_experiments/lab3/single_cycle/single_cycle.ip_user_files', nor could it be found using path 'C:/home/fky/code/git/mine/bitmips_experiments/lab3/single_cycle/single_cycle.ip_user_files'.
INFO: [IP_Flow 19-234] Refreshing IP repositories
INFO: [IP_Flow 19-1704] No user IP repositories specified
INFO: [IP_Flow 19-2313] Loaded Vivado IP repository 'C:/vivado/Vivado/2019.2/data/ip'.
open_project: Time (s): cpu = 00:00:14 ; elapsed = 00:00:07 . Memory (MB): peak = 893.047 ; gain = 191.207
update_compile_order -fileset sources_1
exit
INFO: [Common 17-206] Exiting Vivado at Sun Aug 21 14:51:06 2022...
